<?xml version="1.0" encoding="UTF-8"?>
<!-- Generated by org.testng.reporters.JUnitReportReporter -->
<testsuite hostname="DESKTOP-P6DGSJI" failures="0" tests="1" name="TestClass.BaseClass" time="64.308" errors="0" timestamp="2023-09-26T22:55:52 GMT-12:00" skipped="0">
  <testcase classname="TestClass.BaseClass" name="Setup" time="64.308"/>
  <system-out/>
</testsuite> <!-- TestClass.BaseClass -->
