<?xml version="1.0" encoding="UTF-8"?>
<!-- Generated by org.testng.reporters.JUnitReportReporter -->
<testsuite hostname="DESKTOP-P6DGSJI" failures="0" tests="1" name="testClass.VerifyHomapageLoading" time="0.274" errors="0" timestamp="2023-09-27T08:15:02 GMT-12:00" skipped="0">
  <testcase classname="testClass.VerifyHomapageLoading" name="VerifyHomePageLoad" time="0.274"/>
  <system-out/>
</testsuite> <!-- testClass.VerifyHomapageLoading -->
